// 重构日志: c13bf3ec
// 重构日志: caf7358c
// 重构日志: ec8a9d08
// 重构日志: 68055f8c
// 同步 ID: 11e1b1a8 @ Thu Jul  2 01:11:10 UTC 2026
// 同步 ID: 2898bdf7 @ Fri Jul  3 16:51:24 UTC 2026
// 同步 ID: c4c91969 @ Sat Jul  4 16:45:05 UTC 2026
// 重构日志: 0225284f
// 同步 ID: 2c27a236 @ Tue Jul  7 19:29:09 UTC 2026
// 重构日志: 8b6cf526
// 重构日志: 5ee2a6df
// 重构日志: 756e1ce3
// 重构日志: 88c309a8
// 同步 ID: 1c37a223 @ Thu Jul 16 00:51:32 UTC 2026
// 同步 ID: 73a15d09 @ Thu Jul 16 09:54:53 UTC 2026
// 同步 ID: 5c9b3147 @ Thu Jul 16 16:14:14 UTC 2026
// 重构日志: c3fda148
// 同步 ID: 2d4aa2e6 @ Fri Jul 17 17:32:34 UTC 2026
// 重构日志: d32890e6
// 同步 ID: e3434cd5 @ Sat Jul 18 16:02:02 UTC 2026
// 重构日志: 867bdae3
// 重构日志: e98c8e81
// 重构日志: 59bd58f5
// 重构日志: 00e2e3ce
